# JRE version: OpenJDK Runtime Environment Microsoft-13106358 (17.0.18+8) (build 17.0.18+8-LTS)
# Java VM: OpenJDK 64-Bit Server VM Microsoft-13106358 (17.0.18+8-LTS, mixed mode, sharing, tiered, compressed oops, compressed class ptrs, g1 gc, windows-amd64)
GC Precious Log:
 CPUs: 16 total, 16 available
 Memory: 7876M
 Large Page Support: Disabled
 NUMA Support: Disabled
 Compressed Oops: Enabled (32-bit)
 Heap Region Size: 1M
 Heap Min Capacity: 8M
 Heap Initial Capacity: 124M
 Heap Max Capacity: 1970M
 Pre-touch: Disabled
 Parallel Workers: 13
 Concurrent Workers: 3
 Concurrent Refinement Workers: 13
 Periodic GC: Disabled
Heap:
 garbage-first heap   total 66560K, used 36279K [0x0000000084e00000, 0x0000000100000000)
  region size 1024K, 17 young (17408K), 4 survivors (4096K)
 Metaspace       used 52102K, committed 52544K, reserved 1114112K
  class space    used 7083K, committed 7296K, reserved 1048576K
GC Heap History (18 events):
Event: 0.792 GC heap before
{Heap before GC invocations=0 (full 0):
 garbage-first heap   total 126976K, used 23552K [0x0000000084e00000, 0x0000000100000000)
  region size 1024K, 23 young (23552K), 0 survivors (0K)
 Metaspace       used 5997K, committed 6208K, reserved 1114112K
  class space    used 700K, committed 832K, reserved 1048576K
}
Event: 0.797 GC heap after
{Heap after GC invocations=1 (full 0):
 garbage-first heap   total 126976K, used 7584K [0x0000000084e00000, 0x0000000100000000)
  region size 1024K, 3 young (3072K), 3 survivors (3072K)
 Metaspace       used 5997K, committed 6208K, reserved 1114112K
  class space    used 700K, committed 832K, reserved 1048576K
}
Event: 1.280 GC heap before
{Heap before GC invocations=1 (full 0):
 garbage-first heap   total 126976K, used 35232K [0x0000000084e00000, 0x0000000100000000)
  region size 1024K, 31 young (31744K), 3 survivors (3072K)
 Metaspace       used 12388K, committed 12544K, reserved 1114112K
  class space    used 1656K, committed 1728K, reserved 1048576K
}
Event: 1.286 GC heap after
{Heap after GC invocations=2 (full 0):
 garbage-first heap   total 126976K, used 9672K [0x0000000084e00000, 0x0000000100000000)
  region size 1024K, 2 young (2048K), 2 survivors (2048K)
 Metaspace       used 12388K, committed 12544K, reserved 1114112K
  class space    used 1656K, committed 1728K, reserved 1048576K
}
Event: 2.221 GC heap before
{Heap before GC invocations=2 (full 0):
 garbage-first heap   total 126976K, used 63944K [0x0000000084e00000, 0x0000000100000000)
  region size 1024K, 57 young (58368K), 2 survivors (2048K)
 Metaspace       used 21312K, committed 21504K, reserved 1114112K
  class space    used 2701K, committed 2816K, reserved 1048576K
}
Event: 2.229 GC heap after
{Heap after GC invocations=3 (full 0):
 garbage-first heap   total 126976K, used 14539K [0x0000000084e00000, 0x0000000100000000)
  region size 1024K, 7 young (7168K), 7 survivors (7168K)
 Metaspace       used 21312K, committed 21504K, reserved 1114112K
  class space    used 2701K, committed 2816K, reserved 1048576K
}
Event: 2.783 GC heap before
{Heap before GC invocations=4 (full 0):
 garbage-first heap   total 55296K, used 40139K [0x0000000084e00000, 0x0000000100000000)
  region size 1024K, 32 young (32768K), 7 survivors (7168K)
 Metaspace       used 24456K, committed 24768K, reserved 1114112K
  class space    used 3129K, committed 3264K, reserved 1048576K
}
Event: 2.792 GC heap after
{Heap after GC invocations=5 (full 0):
 garbage-first heap   total 55296K, used 16683K [0x0000000084e00000, 0x0000000100000000)
  region size 1024K, 3 young (3072K), 3 survivors (3072K)
 Metaspace       used 24456K, committed 24768K, reserved 1114112K
  class space    used 3129K, committed 3264K, reserved 1048576K
}
Event: 3.331 GC heap before
{Heap before GC invocations=5 (full 0):
 garbage-first heap   total 55296K, used 37163K [0x0000000084e00000, 0x0000000100000000)
  region size 1024K, 23 young (23552K), 3 survivors (3072K)
 Metaspace       used 28072K, committed 28416K, reserved 1114112K
  class space    used 3637K, committed 3776K, reserved 1048576K
}
Event: 3.339 GC heap after
{Heap after GC invocations=6 (full 0):
 garbage-first heap   total 55296K, used 18080K [0x0000000084e00000, 0x0000000100000000)
  region size 1024K, 3 young (3072K), 3 survivors (3072K)
 Metaspace       used 28072K, committed 28416K, reserved 1114112K
  class space    used 3637K, committed 3776K, reserved 1048576K
}
Event: 3.908 GC heap before
{Heap before GC invocations=6 (full 0):
 garbage-first heap   total 55296K, used 38560K [0x0000000084e00000, 0x0000000100000000)
  region size 1024K, 23 young (23552K), 3 survivors (3072K)
 Metaspace       used 31582K, committed 32000K, reserved 1114112K
  class space    used 4098K, committed 4288K, reserved 1048576K
}
Event: 3.918 GC heap after
{Heap after GC invocations=7 (full 0):
 garbage-first heap   total 55296K, used 19722K [0x0000000084e00000, 0x0000000100000000)
  region size 1024K, 2 young (2048K), 2 survivors (2048K)
 Metaspace       used 31582K, committed 32000K, reserved 1114112K
  class space    used 4098K, committed 4288K, reserved 1048576K
}
Event: 4.765 GC heap before
{Heap before GC invocations=7 (full 0):
 garbage-first heap   total 55296K, used 39178K [0x0000000084e00000, 0x0000000100000000)
  region size 1024K, 22 young (22528K), 2 survivors (2048K)
 Metaspace       used 35589K, committed 35968K, reserved 1114112K
  class space    used 4680K, committed 4864K, reserved 1048576K
}
Event: 4.777 GC heap after
{Heap after GC invocations=8 (full 0):
 garbage-first heap   total 66560K, used 20728K [0x0000000084e00000, 0x0000000100000000)
  region size 1024K, 2 young (2048K), 2 survivors (2048K)
 Metaspace       used 35589K, committed 35968K, reserved 1114112K
  class space    used 4680K, committed 4864K, reserved 1048576K
}
Event: 6.643 GC heap before
{Heap before GC invocations=9 (full 0):
 garbage-first heap   total 66560K, used 49400K [0x0000000084e00000, 0x0000000100000000)
  region size 1024K, 30 young (30720K), 2 survivors (2048K)
 Metaspace       used 43304K, committed 43776K, reserved 1114112K
  class space    used 5770K, committed 6016K, reserved 1048576K
}
Event: 6.656 GC heap after
{Heap after GC invocations=10 (full 0):
 garbage-first heap   total 66560K, used 22358K [0x0000000084e00000, 0x0000000100000000)
  region size 1024K, 3 young (3072K), 3 survivors (3072K)
 Metaspace       used 43304K, committed 43776K, reserved 1114112K
  class space    used 5770K, committed 6016K, reserved 1048576K
}
Event: 8.525 GC heap before
{Heap before GC invocations=10 (full 0):
 garbage-first heap   total 66560K, used 50006K [0x0000000084e00000, 0x0000000100000000)
  region size 1024K, 31 young (31744K), 3 survivors (3072K)
 Metaspace       used 48393K, committed 48832K, reserved 1114112K
  class space    used 6344K, committed 6528K, reserved 1048576K
}
Event: 8.533 GC heap after
{Heap after GC invocations=11 (full 0):
 garbage-first heap   total 66560K, used 23991K [0x0000000084e00000, 0x0000000100000000)
  region size 1024K, 4 young (4096K), 4 survivors (4096K)
 Metaspace       used 48393K, committed 48832K, reserved 1114112K
  class space    used 6344K, committed 6528K, reserved 1048576K
}

